<?xml version="1.0" encoding="UTF-8"?>
<beans xmlns:xsi="http://www.w3.org/2001/XMLSchema-instance"
       xmlns:tx="http://www.springframework.org/schema/tx"
       xmlns="http://www.springframework.org/schema/beans"
       xsi:schemaLocation="http://www.springframework.org/schema/tx
        http://www.springframework.org/schema/tx/spring-tx.xsd
        http://www.springframework.org/schema/beans
       http://www.springframework.org/schema/beans/spring-beans.xsd">

    <tx:annotation-driven/>

    <bean class="org.springframework.beans.factory.config.PropertyPlaceholderConfigurer">
        <property name="locations">
            <list>
                <value>classpath:sql.properties</value>
            </list>
        </property>
    </bean>

    <bean id="namedParameterJdbcTemplate" class="org.springframework.jdbc.core.namedparam.NamedParameterJdbcTemplate">
        <constructor-arg name="dataSource" ref="dataSource"/>
    </bean>

    <bean id="departmentDao" class="com.epam.brest2019.courses.dao.DepartmentDaoJdbcImpl">
        <constructor-arg name="namedParameterJdbcTemplate" ref="namedParameterJdbcTemplate"/>
    </bean>

    <bean id="departmentService" class="com.epam.brest2019.courses.service.DepartmentServiceImpl">
        <constructor-arg ref="departmentDao"/>
    </bean>

    <bean id="employeeDao" class="com.epam.brest2019.courses.dao.EmployeeDaoJdbcImpl">
        <constructor-arg name="namedParameterJdbcTemplate" ref="namedParameterJdbcTemplate"/>
    </bean>

    <bean id="employeeService" class="com.epam.brest2019.courses.service.EmployeeServiceImpl">
        <constructor-arg ref="employeeDao"/>
    </bean>

 </beans>